Using pre-set license
Built from '2021.3/staging' branch; Version is '2021.3.15f1 (e8e88683f834) revision 15263878'; Using compiler version '192829333'; Build Type 'Release'
OS: 'Windows 11  (10.0.22621) 64bit Professional' Language: 'ko' Physical Memory: 16241 MB
BatchMode: 1, IsHumanControllingUs: 0, StartBugReporterOnCrash: 0, Is64bit: 1, IsPro: 1

COMMAND LINE ARGUMENTS:
C:\Program Files\Unity\Hub\Editor\2021.3.15f1\Editor\Unity.exe
-adb2
-batchMode
-noUpm
-name
AssetImportWorker0
-projectPath
C:/Users/qjatn/OneDrive/바탕 화면/작업/Unity/PokerDungeon2/PokerDungeon
-logFile
Logs/AssetImportWorker0.log
-srvPort
52653
Successfully changed project path to: C:/Users/qjatn/OneDrive/바탕 화면/작업/Unity/PokerDungeon2/PokerDungeon
C:/Users/qjatn/OneDrive/바탕 화면/작업/Unity/PokerDungeon2/PokerDungeon
[UnityMemory] Configuration Parameters - Can be set up in boot.config
    "memorysetup-bucket-allocator-granularity=16"
    "memorysetup-bucket-allocator-bucket-count=8"
    "memorysetup-bucket-allocator-block-size=33554432"
    "memorysetup-bucket-allocator-block-count=8"
    "memorysetup-main-allocator-block-size=16777216"
    "memorysetup-thread-allocator-block-size=16777216"
    "memorysetup-gfx-main-allocator-block-size=16777216"
    "memorysetup-gfx-thread-allocator-block-size=16777216"
    "memorysetup-cache-allocator-block-size=4194304"
    "memorysetup-typetree-allocator-block-size=2097152"
    "memorysetup-profiler-bucket-allocator-granularity=16"
    "memorysetup-profiler-bucket-allocator-bucket-count=8"
    "memorysetup-profiler-bucket-allocator-block-size=33554432"
    "memorysetup-profiler-bucket-allocator-block-count=8"
    "memorysetup-profiler-allocator-block-size=16777216"
    "memorysetup-profiler-editor-allocator-block-size=1048576"
    "memorysetup-temp-allocator-size-main=16777216"
    "memorysetup-job-temp-allocator-block-size=2097152"
    "memorysetup-job-temp-allocator-block-size-background=1048576"
    "memorysetup-job-temp-allocator-reduction-small-platforms=262144"
    "memorysetup-temp-allocator-size-background-worker=32768"
    "memorysetup-temp-allocator-size-job-worker=262144"
    "memorysetup-temp-allocator-size-preload-manager=33554432"
    "memorysetup-temp-allocator-size-nav-mesh-worker=65536"
    "memorysetup-temp-allocator-size-audio-worker=65536"
    "memorysetup-temp-allocator-size-cloud-worker=32768"
    "memorysetup-temp-allocator-size-gi-baking-worker=262144"
    "memorysetup-temp-allocator-size-gfx=262144"
Player connection [21968] Host "[IP] 192.168.0.24 [Port] 0 [Flags] 2 [Guid] 4054926120 [EditorId] 4054926120 [Version] 1048832 [Id] WindowsEditor(7,DESKTOP-QT283T2) [Debug] 1 [PackageName] WindowsEditor [ProjectName] Editor" joined multi-casting on [225.0.0.222:54997]...

Player connection [21968] Host "[IP] 192.168.0.24 [Port] 0 [Flags] 2 [Guid] 4054926120 [EditorId] 4054926120 [Version] 1048832 [Id] WindowsEditor(7,DESKTOP-QT283T2) [Debug] 1 [PackageName] WindowsEditor [ProjectName] Editor" joined alternative multi-casting on [225.0.0.222:34997]...

Refreshing native plugins compatible for Editor in 76.79 ms, found 4 plugins.
Preloading 0 native plugins for Editor in 0.00 ms.
Initialize engine version: 2021.3.15f1 (e8e88683f834)
[Subsystems] Discovering subsystems at path C:/Program Files/Unity/Hub/Editor/2021.3.15f1/Editor/Data/Resources/UnitySubsystems
[Subsystems] Discovering subsystems at path C:/Users/qjatn/OneDrive/바탕 화면/작업/Unity/PokerDungeon2/PokerDungeon/Assets
GfxDevice: creating device client; threaded=0; jobified=0
Direct3D:
    Version:  Direct3D 11.0 [level 11.1]
    Renderer: NVIDIA GeForce RTX 2060 (ID=0x1f03)
    Vendor:   NVIDIA
    VRAM:     12075 MB
    Driver:   31.0.15.3623
Initialize mono
Mono path[0] = 'C:/Program Files/Unity/Hub/Editor/2021.3.15f1/Editor/Data/Managed'
Mono path[1] = 'C:/Program Files/Unity/Hub/Editor/2021.3.15f1/Editor/Data/MonoBleedingEdge/lib/mono/unityjit-win32'
Mono config path = 'C:/Program Files/Unity/Hub/Editor/2021.3.15f1/Editor/Data/MonoBleedingEdge/etc'
Using monoOptions --debugger-agent=transport=dt_socket,embedding=1,server=y,suspend=n,address=127.0.0.1:56468
Begin MonoManager ReloadAssembly
Registering precompiled unity dll's ...
Register platform support module: C:/Program Files/Unity/Hub/Editor/2021.3.15f1/Editor/Data/PlaybackEngines/AndroidPlayer/UnityEditor.Android.Extensions.dll
Register platform support module: C:/Program Files/Unity/Hub/Editor/2021.3.15f1/Editor/Data/PlaybackEngines/WindowsStandaloneSupport/UnityEditor.WindowsStandalone.Extensions.dll
Registered in 0.012860 seconds.
Native extension for WindowsStandalone target not found
Native extension for Android target not found
Refreshing native plugins compatible for Editor in 80.04 ms, found 4 plugins.
Preloading 0 native plugins for Editor in 0.00 ms.
Mono: successfully reloaded assembly
- Completed reload, in  0.743 seconds
Domain Reload Profiling:
	ReloadAssembly (744ms)
		BeginReloadAssembly (101ms)
			ExecutionOrderSort (0ms)
			DisableScriptedObjects (0ms)
			BackupInstance (0ms)
			ReleaseScriptingObjects (0ms)
			CreateAndSetChildDomain (1ms)
		EndReloadAssembly (511ms)
			LoadAssemblies (100ms)
			RebuildTransferFunctionScriptingTraits (0ms)
			SetupTypeCache (117ms)
			ReleaseScriptCaches (0ms)
			RebuildScriptCaches (25ms)
			SetupLoadedEditorAssemblies (293ms)
				LogAssemblyErrors (0ms)
				InitializePlatformSupportModulesInManaged (68ms)
				SetLoadedEditorAssemblies (0ms)
				RefreshPlugins (80ms)
				BeforeProcessingInitializeOnLoad (1ms)
				ProcessInitializeOnLoadAttributes (90ms)
				ProcessInitializeOnLoadMethodAttributes (54ms)
				AfterProcessingInitializeOnLoad (0ms)
				EditorAssembliesLoaded (0ms)
			ExecutionOrderSort2 (0ms)
			AwakeInstancesAfterBackupRestoration (0ms)
Platform modules already initialized, skipping
Registering precompiled user dll's ...
Registered in 0.017981 seconds.
Begin MonoManager ReloadAssembly
Symbol file LoadedFromMemory doesn't match image C:\Users\qjatn\OneDrive\바탕 화면\작업\Unity\PokerDungeon2\PokerDungeon\Library\PackageCache\com.unity.visualscripting@1.7.8\Editor\VisualScripting.Core\Dependencies\YamlDotNet\Unity.VisualScripting.YamlDotNet.dll
Symbol file LoadedFromMemory doesn't match image C:\Users\qjatn\OneDrive\바탕 화면\작업\Unity\PokerDungeon2\PokerDungeon\Library\PackageCache\com.unity.visualscripting@1.7.8\Editor\VisualScripting.Core\Dependencies\DotNetZip\Unity.VisualScripting.IonicZip.dll
Native extension for WindowsStandalone target not found
Native extension for Android target not found
Refreshing native plugins compatible for Editor in 74.01 ms, found 4 plugins.
Preloading 0 native plugins for Editor in 0.00 ms.
Mono: successfully reloaded assembly
- Completed reload, in  1.277 seconds
Domain Reload Profiling:
	ReloadAssembly (1278ms)
		BeginReloadAssembly (248ms)
			ExecutionOrderSort (0ms)
			DisableScriptedObjects (7ms)
			BackupInstance (0ms)
			ReleaseScriptingObjects (0ms)
			CreateAndSetChildDomain (120ms)
		EndReloadAssembly (909ms)
			LoadAssemblies (147ms)
			RebuildTransferFunctionScriptingTraits (0ms)
			SetupTypeCache (237ms)
			ReleaseScriptCaches (0ms)
			RebuildScriptCaches (43ms)
			SetupLoadedEditorAssemblies (463ms)
				LogAssemblyErrors (0ms)
				InitializePlatformSupportModulesInManaged (15ms)
				SetLoadedEditorAssemblies (0ms)
				RefreshPlugins (74ms)
				BeforeProcessingInitializeOnLoad (99ms)
				ProcessInitializeOnLoadAttributes (218ms)
				ProcessInitializeOnLoadMethodAttributes (38ms)
				AfterProcessingInitializeOnLoad (19ms)
				EditorAssembliesLoaded (0ms)
			ExecutionOrderSort2 (0ms)
			AwakeInstancesAfterBackupRestoration (11ms)
Platform modules already initialized, skipping
========================================================================
Worker process is ready to serve import requests
Launched and connected shader compiler UnityShaderCompiler.exe after 0.10 seconds
Refreshing native plugins compatible for Editor in 0.48 ms, found 4 plugins.
Preloading 0 native plugins for Editor in 0.00 ms.
Unloading 4121 Unused Serialized files (Serialized files now loaded: 0)
Unloading 46 unused Assets / (229.4 KB). Loaded Objects now: 4578.
Memory consumption went from 160.6 MB to 160.4 MB.
Total: 2.994600 ms (FindLiveObjects: 0.201000 ms CreateObjectMapping: 0.108300 ms MarkObjects: 2.546500 ms  DeleteObjects: 0.137600 ms)

AssetImportParameters requested are different than current active one (requested -> active):
  custom:video-decoder-ogg-theora: a1e56fd34408186e4bbccfd4996cb3dc -> 
  custom:container-muxer-webm: aa71ff27fc2769a1b78a27578f13a17b -> 
  custom:container-demuxer-webm: 4f35f7cbe854078d1ac9338744f61a02 -> 
  custom:video-encoder-webm-vp8: eb34c28f22e8b96e1ab97ce403110664 -> 
  custom:audio-encoder-webm-vorbis: bf7c407c2cedff20999df2af8eb42d56 -> 
  custom:framework-win-MediaFoundation: 216162199b28c13a410421893ffa2e32 -> 
  custom:container-demuxer-ogg: 62fdf1f143b41e24485cea50d1cbac27 -> 
  custom:video-decoder-webm-vp8: 9c59270c3fd7afecdb556c50c9e8de78 -> 
  custom:audio-decoder-ogg-vorbis: bf7c407c2cedff20999df2af8eb42d56 -> 
========================================================================
Received Import Request.
  Time since last request: 7168.849912 seconds.
  path: Assets/Image/tmp/Item/tmp item/기사단 신발.png
  artifactKey: Guid(1f7693e8a58772b4192d8b211715f01f) Importer(815301076,1909f56bfc062723c751e8b465ee728b)
Start importing Assets/Image/tmp/Item/tmp item/기사단 신발.png using Guid(1f7693e8a58772b4192d8b211715f01f) Importer(815301076,1909f56bfc062723c751e8b465ee728b)  -> (artifact id: 'a5fd8e48bb4e4937683d6e67c3ebd36d') in 0.112662 seconds 
========================================================================
Received Import Request.
  Time since last request: 31.014402 seconds.
  path: Assets/Image/tmp/Item/tmp item/기사단 헬멧.png
  artifactKey: Guid(4dc2e3b047094f84aa50eeb91f9606e4) Importer(815301076,1909f56bfc062723c751e8b465ee728b)
Start importing Assets/Image/tmp/Item/tmp item/기사단 헬멧.png using Guid(4dc2e3b047094f84aa50eeb91f9606e4) Importer(815301076,1909f56bfc062723c751e8b465ee728b)  -> (artifact id: '5be7d0bd1dfd387e93760c26b31bbdeb') in 0.030278 seconds 
========================================================================
Received Import Request.
  Time since last request: 0.000037 seconds.
  path: Assets/Image/tmp/Item/tmp item/불꽃 자켓.png
  artifactKey: Guid(1c5b50fc34f1ed6478afc7fba4c2502a) Importer(815301076,1909f56bfc062723c751e8b465ee728b)
Start importing Assets/Image/tmp/Item/tmp item/불꽃 자켓.png using Guid(1c5b50fc34f1ed6478afc7fba4c2502a) Importer(815301076,1909f56bfc062723c751e8b465ee728b)  -> (artifact id: 'd2f0b81e99baa31255e2a9327cf51650') in 0.028611 seconds 
========================================================================
Received Import Request.
  Time since last request: 0.000025 seconds.
  path: Assets/Image/tmp/Item/tmp item/초보자용 완드.png
  artifactKey: Guid(9c0fc117e1396ac4e904cb2e0034dc41) Importer(815301076,1909f56bfc062723c751e8b465ee728b)
Start importing Assets/Image/tmp/Item/tmp item/초보자용 완드.png using Guid(9c0fc117e1396ac4e904cb2e0034dc41) Importer(815301076,1909f56bfc062723c751e8b465ee728b)  -> (artifact id: '7f7916c300a22456627836476ba2c4d8') in 0.029328 seconds 
========================================================================
Received Import Request.
  Time since last request: 0.000023 seconds.
  path: Assets/Image/tmp/Item/tmp item/실크 장갑.png
  artifactKey: Guid(24f0dc93fb7f95b4683eccdb641474cb) Importer(815301076,1909f56bfc062723c751e8b465ee728b)
Start importing Assets/Image/tmp/Item/tmp item/실크 장갑.png using Guid(24f0dc93fb7f95b4683eccdb641474cb) Importer(815301076,1909f56bfc062723c751e8b465ee728b)  -> (artifact id: 'bb6749801dad6547f34d30604d7dd5c8') in 0.025133 seconds 
========================================================================
Received Import Request.
  Time since last request: 0.000032 seconds.
  path: Assets/Image/tmp/Item/tmp item/데몬즈 트레이스.png
  artifactKey: Guid(52e50cf75bb96a74da4ed8a84d6428ae) Importer(815301076,1909f56bfc062723c751e8b465ee728b)
Start importing Assets/Image/tmp/Item/tmp item/데몬즈 트레이스.png using Guid(52e50cf75bb96a74da4ed8a84d6428ae) Importer(815301076,1909f56bfc062723c751e8b465ee728b)  -> (artifact id: 'fb300e3bccb8f7e7620f8eca53b3c5b0') in 0.027024 seconds 
========================================================================
Received Import Request.
  Time since last request: 0.000027 seconds.
  path: Assets/Image/tmp/Item/tmp item/불꽃 헬멧.png
  artifactKey: Guid(2de206f7d9c06bb47a8eea2ff806d768) Importer(815301076,1909f56bfc062723c751e8b465ee728b)
Start importing Assets/Image/tmp/Item/tmp item/불꽃 헬멧.png using Guid(2de206f7d9c06bb47a8eea2ff806d768) Importer(815301076,1909f56bfc062723c751e8b465ee728b)  -> (artifact id: '3e44e7419379b3404a0dc0b6bb4afeca') in 0.029120 seconds 
========================================================================
Received Import Request.
  Time since last request: 0.000017 seconds.
  path: Assets/Image/tmp/Item/tmp item/아카데미 장검.png
  artifactKey: Guid(52d8e442e2d61844c93fda4b4c045164) Importer(815301076,1909f56bfc062723c751e8b465ee728b)
Start importing Assets/Image/tmp/Item/tmp item/아카데미 장검.png using Guid(52d8e442e2d61844c93fda4b4c045164) Importer(815301076,1909f56bfc062723c751e8b465ee728b)  -> (artifact id: 'd9c05a30e2e358423f74e56b89ba67f8') in 0.031225 seconds 
========================================================================
Received Import Request.
  Time since last request: 0.000024 seconds.
  path: Assets/Image/tmp/Item/tmp item/카쟈드의 발걸음.png
  artifactKey: Guid(f2d67b457c4e8da4d9b93a76b7b987d5) Importer(815301076,1909f56bfc062723c751e8b465ee728b)
Start importing Assets/Image/tmp/Item/tmp item/카쟈드의 발걸음.png using Guid(f2d67b457c4e8da4d9b93a76b7b987d5) Importer(815301076,1909f56bfc062723c751e8b465ee728b)  -> (artifact id: 'e8439116237a3416d3329c16a5bc3fe4') in 0.031928 seconds 
========================================================================
Received Import Request.
  Time since last request: 0.000022 seconds.
  path: Assets/Image/tmp/Item/tmp item/비늘 도마뱀 헬멧.png
  artifactKey: Guid(1ef57157335eb9a419b0441702273282) Importer(815301076,1909f56bfc062723c751e8b465ee728b)
Start importing Assets/Image/tmp/Item/tmp item/비늘 도마뱀 헬멧.png using Guid(1ef57157335eb9a419b0441702273282) Importer(815301076,1909f56bfc062723c751e8b465ee728b)  -> (artifact id: '4fff17714f87515369c3b13c78c317a8') in 0.029767 seconds 
========================================================================
Received Import Request.
  Time since last request: 10.829961 seconds.
  path: Assets/Image/tmp/Item/tmp item/기사단 신발 1.png
  artifactKey: Guid(1dd21303767389b44bb6b910d842485b) Importer(815301076,1909f56bfc062723c751e8b465ee728b)
Start importing Assets/Image/tmp/Item/tmp item/기사단 신발 1.png using Guid(1dd21303767389b44bb6b910d842485b) Importer(815301076,1909f56bfc062723c751e8b465ee728b)  -> (artifact id: '6bba156051963dcb8ff7a7bd54e2323c') in 0.027051 seconds 
========================================================================
Received Import Request.
  Time since last request: 0.000019 seconds.
  path: Assets/Image/tmp/Item/tmp item/있어 보이는 자켓 1.png
  artifactKey: Guid(dcd736c0caf23be48823d1f2088c322b) Importer(815301076,1909f56bfc062723c751e8b465ee728b)
Start importing Assets/Image/tmp/Item/tmp item/있어 보이는 자켓 1.png using Guid(dcd736c0caf23be48823d1f2088c322b) Importer(815301076,1909f56bfc062723c751e8b465ee728b)  -> (artifact id: '8a518fc65106c854f3af648320274011') in 0.024271 seconds 
========================================================================
Received Import Request.
  Time since last request: 0.000023 seconds.
  path: Assets/Image/tmp/Item/tmp item/아카데미 장검 1.png
  artifactKey: Guid(e5420cbfcc5f40d4aac8fb4fd722ce03) Importer(815301076,1909f56bfc062723c751e8b465ee728b)
Start importing Assets/Image/tmp/Item/tmp item/아카데미 장검 1.png using Guid(e5420cbfcc5f40d4aac8fb4fd722ce03) Importer(815301076,1909f56bfc062723c751e8b465ee728b)  -> (artifact id: '6a54f32f9c082e9ad34f43b642a0fc24') in 0.020762 seconds 
========================================================================
Received Import Request.
  Time since last request: 0.000037 seconds.
  path: Assets/Image/tmp/Item/tmp item/실크 장갑 1.png
  artifactKey: Guid(6588223794cda694aad00affa4adeeba) Importer(815301076,1909f56bfc062723c751e8b465ee728b)
Start importing Assets/Image/tmp/Item/tmp item/실크 장갑 1.png using Guid(6588223794cda694aad00affa4adeeba) Importer(815301076,1909f56bfc062723c751e8b465ee728b)  -> (artifact id: 'd7aa932e5029867070c951a65905d06b') in 0.019726 seconds 
========================================================================
Received Import Request.
  Time since last request: 0.000023 seconds.
  path: Assets/Image/tmp/Item/tmp item/초보자용 완드 1.png
  artifactKey: Guid(bc5adb2da849e6d4a84a8cff88e54473) Importer(815301076,1909f56bfc062723c751e8b465ee728b)
Start importing Assets/Image/tmp/Item/tmp item/초보자용 완드 1.png using Guid(bc5adb2da849e6d4a84a8cff88e54473) Importer(815301076,1909f56bfc062723c751e8b465ee728b)  -> (artifact id: 'fd9538e0b255a7408f722eb51a6a6e15') in 0.019399 seconds 
Editor requested this worker to shutdown with reason: Scaling down because of idle timeout
AssetImportWorker is now disconnected from the server
Process exiting
Exiting without the bug reporter. Application will terminate with return code 0